This is pdfTeX, Version 3.1415926-2.5-1.40.14 (TeX Live 2013/Debian) (format=pdflatex 2014.9.3)  1 MAR 2017 17:13
entering extended mode
 restricted \write18 enabled.
 %&-line parsing enabled.
**intro.tex
(./intro.tex
LaTeX2e <2011/06/27>
Babel <3.9h> and hyphenation patterns for 78 languages loaded.
(/usr/share/texlive/texmf-dist/tex/latex/base/article.cls
Document Class: article 2007/10/19 v1.4h Standard LaTeX document class
(/usr/share/texlive/texmf-dist/tex/latex/base/size12.clo
File: size12.clo 2007/10/19 v1.4h Standard LaTeX file (size option)
)
\c@part=\count79
\c@section=\count80
\c@subsection=\count81
\c@subsubsection=\count82
\c@paragraph=\count83
\c@subparagraph=\count84
\c@figure=\count85
\c@table=\count86
\abovecaptionskip=\skip41
\belowcaptionskip=\skip42
\bibindent=\dimen102
)
(/usr/share/texlive/texmf-dist/tex/latex/amsmath/amsmath.sty
Package: amsmath 2013/01/14 v2.14 AMS math features
\@mathmargin=\skip43

For additional information on amsmath, use the `?' option.
(/usr/share/texlive/texmf-dist/tex/latex/amsmath/amstext.sty
Package: amstext 2000/06/29 v2.01

(/usr/share/texlive/texmf-dist/tex/latex/amsmath/amsgen.sty
File: amsgen.sty 1999/11/30 v2.0
\@emptytoks=\toks14
\ex@=\dimen103
))
(/usr/share/texlive/texmf-dist/tex/latex/amsmath/amsbsy.sty
Package: amsbsy 1999/11/29 v1.2d
\pmbraise@=\dimen104
)
(/usr/share/texlive/texmf-dist/tex/latex/amsmath/amsopn.sty
Package: amsopn 1999/12/14 v2.01 operator names
)
\inf@bad=\count87
LaTeX Info: Redefining \frac on input line 210.
\uproot@=\count88
\leftroot@=\count89
LaTeX Info: Redefining \overline on input line 306.
\classnum@=\count90
\DOTSCASE@=\count91
LaTeX Info: Redefining \ldots on input line 378.
LaTeX Info: Redefining \dots on input line 381.
LaTeX Info: Redefining \cdots on input line 466.
\Mathstrutbox@=\box26
\strutbox@=\box27
\big@size=\dimen105
LaTeX Font Info:    Redeclaring font encoding OML on input line 566.
LaTeX Font Info:    Redeclaring font encoding OMS on input line 567.
\macc@depth=\count92
\c@MaxMatrixCols=\count93
\dotsspace@=\muskip10
\c@parentequation=\count94
\dspbrk@lvl=\count95
\tag@help=\toks15
\row@=\count96
\column@=\count97
\maxfields@=\count98
\andhelp@=\toks16
\eqnshift@=\dimen106
\alignsep@=\dimen107
\tagshift@=\dimen108
\tagwidth@=\dimen109
\totwidth@=\dimen110
\lineht@=\dimen111
\@envbody=\toks17
\multlinegap=\skip44
\multlinetaggap=\skip45
\mathdisplay@stack=\toks18
LaTeX Info: Redefining \[ on input line 2665.
LaTeX Info: Redefining \] on input line 2666.
)
(/usr/share/texlive/texmf-dist/tex/latex/amscls/amsthm.sty
Package: amsthm 2004/08/06 v2.20
\thm@style=\toks19
\thm@bodyfont=\toks20
\thm@headfont=\toks21
\thm@notefont=\toks22
\thm@headpunct=\toks23
\thm@preskip=\skip46
\thm@postskip=\skip47
\thm@headsep=\skip48
\dth@everypar=\toks24
)
(/usr/share/texlive/texmf-dist/tex/latex/microtype/microtype.sty
Package: microtype 2013/05/23 v2.5a Micro-typographical refinements (RS)

(/usr/share/texlive/texmf-dist/tex/latex/graphics/keyval.sty
Package: keyval 1999/03/16 v1.13 key=value parser (DPC)
\KV@toks@=\toks25
)
\MT@toks=\toks26
\MT@count=\count99
LaTeX Info: Redefining \textls on input line 766.
\MT@outer@kern=\dimen112
LaTeX Info: Redefining \textmicrotypecontext on input line 1285.
\MT@listname@count=\count100

(/usr/share/texlive/texmf-dist/tex/latex/microtype/microtype-pdftex.def
File: microtype-pdftex.def 2013/05/23 v2.5a Definitions specific to pdftex (RS)

LaTeX Info: Redefining \lsstyle on input line 915.
LaTeX Info: Redefining \lslig on input line 915.
\MT@outer@space=\skip49
)
Package microtype Info: Loading configuration file microtype.cfg.

(/usr/share/texlive/texmf-dist/tex/latex/microtype/microtype.cfg
File: microtype.cfg 2013/05/23 v2.5a microtype main configuration file (RS)
))
(/usr/share/texlive/texmf-dist/tex/latex/parskip/parskip.sty
Package: parskip 2001/04/09 non-zero parskip adjustments
)
(/usr/share/texlive/texmf-dist/tex/latex/natbib/natbib.sty
Package: natbib 2010/09/13 8.31b (PWD, AO)
\bibhang=\skip50
\bibsep=\skip51
LaTeX Info: Redefining \cite on input line 694.
\c@NAT@ctr=\count101
)
(/usr/share/texlive/texmf-dist/tex/latex/lineno/lineno.sty
Package: lineno 2005/11/02 line numbers on paragraphs v4.41
\linenopenalty=\count102
\output=\toks27
\linenoprevgraf=\count103
\linenumbersep=\dimen113
\linenumberwidth=\dimen114
\c@linenumber=\count104
\c@pagewiselinenumber=\count105
\c@LN@truepage=\count106
\c@internallinenumber=\count107
\c@internallinenumbers=\count108
\quotelinenumbersep=\dimen115
\bframerule=\dimen116
\bframesep=\dimen117
\bframebox=\box28
LaTeX Info: Redefining \\ on input line 3056.
)
(/usr/share/texlive/texmf-dist/tex/latex/docmute/docmute.sty
Package: docmute 2012/03/22 v1.4 Input stand-alone documents
)
(/usr/share/texlive/texmf-dist/tex/latex/caption/caption.sty
Package: caption 2013/05/02 v3.3-89 Customizing captions (AR)

(/usr/share/texlive/texmf-dist/tex/latex/caption/caption3.sty
Package: caption3 2013/05/02 v1.6-88 caption3 kernel (AR)
Package caption3 Info: TeX engine: e-TeX on input line 57.
\captionmargin=\dimen118
\captionmargin@=\dimen119
\captionwidth=\dimen120
\caption@tempdima=\dimen121
\caption@indent=\dimen122
\caption@parindent=\dimen123
\caption@hangindent=\dimen124
)
\c@ContinuedFloat=\count109
)
(/usr/share/texlive/texmf-dist/tex/latex/caption/subcaption.sty
Package: subcaption 2013/02/03 v1.1-62 Sub-captions (AR)
\c@subfigure=\count110
\c@subtable=\count111
)
(/usr/share/texlive/texmf-dist/tex/latex/multirow/multirow.sty
\bigstrutjot=\dimen125
)
(/usr/share/texlive/texmf-dist/tex/latex/morefloats/morefloats.sty
Package: morefloats 2012/01/28 v1.0f Raise limit of unprocessed floats (HMM; DH
)

(/usr/share/texlive/texmf-dist/tex/latex/oberdiek/kvoptions.sty
Package: kvoptions 2011/06/30 v3.11 Key value format for package options (HO)

(/usr/share/texlive/texmf-dist/tex/generic/oberdiek/ltxcmds.sty
Package: ltxcmds 2011/11/09 v1.22 LaTeX kernel commands for general use (HO)
)
(/usr/share/texlive/texmf-dist/tex/generic/oberdiek/kvsetkeys.sty
Package: kvsetkeys 2012/04/25 v1.16 Key value parser (HO)

(/usr/share/texlive/texmf-dist/tex/generic/oberdiek/infwarerr.sty
Package: infwarerr 2010/04/08 v1.3 Providing info/warning/error messages (HO)
)
(/usr/share/texlive/texmf-dist/tex/generic/oberdiek/etexcmds.sty
Package: etexcmds 2011/02/16 v1.5 Avoid name clashes with e-TeX commands (HO)

(/usr/share/texlive/texmf-dist/tex/generic/oberdiek/ifluatex.sty
Package: ifluatex 2010/03/01 v1.3 Provides the ifluatex switch (HO)
Package ifluatex Info: LuaTeX not detected.
)
Package etexcmds Info: Could not find \expanded.
(etexcmds)             That can mean that you are not using pdfTeX 1.50 or
(etexcmds)             that some package has redefined \expanded.
(etexcmds)             In the latter case, load this package earlier.
)))
Package morefloats Info: Maximum number of possible floats asked for: 36.
(morefloats)             LaTeX might run out of memory before this
(morefloats)             (in which case it will notify you).
(morefloats)              on input line 171.
\bx@S=\insert233
\bx@T=\insert232
\bx@U=\insert231
\bx@V=\insert230
\bx@W=\insert229
\bx@X=\insert228
\bx@Y=\insert227
\bx@Z=\insert226
\bx@AA=\insert225
\bx@AB=\insert224
\bx@AC=\insert223
\bx@AD=\insert222
\bx@AE=\insert221
\bx@AF=\insert220
\bx@AG=\insert219
\bx@AH=\insert218
\bx@AI=\insert217
\bx@AJ=\insert216
)
(/usr/share/texlive/texmf-dist/tex/latex/rotating/rotating.sty
Package: rotating 2009/03/28 v2.16a rotated objects in LaTeX

(/usr/share/texlive/texmf-dist/tex/latex/graphics/graphicx.sty
Package: graphicx 1999/02/16 v1.0f Enhanced LaTeX Graphics (DPC,SPQR)

(/usr/share/texlive/texmf-dist/tex/latex/graphics/graphics.sty
Package: graphics 2009/02/05 v1.0o Standard LaTeX Graphics (DPC,SPQR)

(/usr/share/texlive/texmf-dist/tex/latex/graphics/trig.sty
Package: trig 1999/03/16 v1.09 sin cos tan (DPC)
)
(/usr/share/texlive/texmf-dist/tex/latex/latexconfig/graphics.cfg
File: graphics.cfg 2010/04/23 v1.9 graphics configuration of TeX Live
)
Package graphics Info: Driver file: pdftex.def on input line 91.

(/usr/share/texlive/texmf-dist/tex/latex/pdftex-def/pdftex.def
File: pdftex.def 2011/05/27 v0.06d Graphics/color for pdfTeX
\Gread@gobject=\count112
))
\Gin@req@height=\dimen126
\Gin@req@width=\dimen127
)
(/usr/share/texlive/texmf-dist/tex/latex/base/ifthen.sty
Package: ifthen 2001/05/26 v1.1c Standard LaTeX ifthen package (DPC)
)
\c@r@tfl@t=\count113
\rotFPtop=\skip52
\rotFPbot=\skip53
\rot@float@box=\box29
\rot@mess@toks=\toks28
)
(/usr/share/texlive/texmf-dist/tex/latex/wrapfig/wrapfig.sty
\wrapoverhang=\dimen128
\WF@size=\dimen129
\c@WF@wrappedlines=\count114
\WF@box=\box30
\WF@everypar=\toks29
Package: wrapfig 2003/01/31  v 3.6
)
(/usr/share/texlive/texmf-dist/tex/latex/frankenstein/attrib.sty
Package: attrib 2001/08/31 v1.3 attribution of block elements (Frankenstein's h
at)

(/usr/share/texlive/texmf-dist/tex/latex/frankenstein/moredefs.sty
Package: moredefs 2001/08/31 v1.8 more defining commands (Frankenstein's brain)

\sc@toks@a=\toks30
\sc@toks@b=\toks31
)
\AttribMinSkip=\skip54
)
(./intro.aux)
\openout1 = `intro.aux'.

LaTeX Font Info:    Checking defaults for OML/cmm/m/it on input line 14.
LaTeX Font Info:    ... okay on input line 14.
LaTeX Font Info:    Checking defaults for T1/cmr/m/n on input line 14.
LaTeX Font Info:    ... okay on input line 14.
LaTeX Font Info:    Checking defaults for OT1/cmr/m/n on input line 14.
LaTeX Font Info:    ... okay on input line 14.
LaTeX Font Info:    Checking defaults for OMS/cmsy/m/n on input line 14.
LaTeX Font Info:    ... okay on input line 14.
LaTeX Font Info:    Checking defaults for OMX/cmex/m/n on input line 14.
LaTeX Font Info:    ... okay on input line 14.
LaTeX Font Info:    Checking defaults for U/cmr/m/n on input line 14.
LaTeX Font Info:    ... okay on input line 14.
LaTeX Info: Redefining \microtypecontext on input line 14.
Package microtype Info: Generating PDF output.
Package microtype Info: Character protrusion enabled (level 2).
Package microtype Info: Using default protrusion set `alltext'.
Package microtype Info: Automatic font expansion enabled (level 2),
(microtype)             stretch: 20, shrink: 20, step: 1, non-selected.
Package microtype Info: Using default expansion set `basictext'.
Package microtype Info: No adjustment of tracking.
Package microtype Info: No adjustment of interword spacing.
Package microtype Info: No adjustment of character kerning.
 (/usr/share/texlive/texmf-dist/tex/latex/microtype/mt-cmr.cfg
File: mt-cmr.cfg 2013/05/19 v2.2 microtype config. file: Computer Modern Roman 
(RS)
)
Package caption Info: Begin \AtBeginDocument code.
Package caption Info: rotating package is loaded.
Package caption Info: wrapfig package is loaded.
Package caption Info: End \AtBeginDocument code.

(/usr/share/texlive/texmf-dist/tex/context/base/supp-pdf.mkii
[Loading MPS to PDF converter (version 2006.09.02).]
\scratchcounter=\count115
\scratchdimen=\dimen130
\scratchbox=\box31
\nofMPsegments=\count116
\nofMParguments=\count117
\everyMPshowfont=\toks32
\MPscratchCnt=\count118
\MPscratchDim=\dimen131
\MPnumerator=\count119
\makeMPintoPDFobject=\count120
\everyMPtoPDFconversion=\toks33
) (/usr/share/texlive/texmf-dist/tex/generic/oberdiek/pdftexcmds.sty
Package: pdftexcmds 2011/11/29 v0.20 Utility functions of pdfTeX for LuaTeX (HO
)

(/usr/share/texlive/texmf-dist/tex/generic/oberdiek/ifpdf.sty
Package: ifpdf 2011/01/30 v2.3 Provides the ifpdf switch (HO)
Package ifpdf Info: pdfTeX in PDF mode is detected.
)
Package pdftexcmds Info: LuaTeX not detected.
Package pdftexcmds Info: \pdf@primitive is available.
Package pdftexcmds Info: \pdf@ifprimitive is available.
Package pdftexcmds Info: \pdfdraftmode found.
)
(/usr/share/texlive/texmf-dist/tex/latex/oberdiek/epstopdf-base.sty
Package: epstopdf-base 2010/02/09 v2.5 Base part for package epstopdf

(/usr/share/texlive/texmf-dist/tex/latex/oberdiek/grfext.sty
Package: grfext 2010/08/19 v1.1 Manage graphics extensions (HO)

(/usr/share/texlive/texmf-dist/tex/generic/oberdiek/kvdefinekeys.sty
Package: kvdefinekeys 2011/04/07 v1.3 Define keys (HO)
))
Package grfext Info: Graphics extension search list:
(grfext)             [.png,.pdf,.jpg,.mps,.jpeg,.jbig2,.jb2,.PNG,.PDF,.JPG,.JPE
G,.JBIG2,.JB2,.eps]
(grfext)             \AppendGraphicsExtensions on input line 452.

(/usr/share/texlive/texmf-dist/tex/latex/latexconfig/epstopdf-sys.cfg
File: epstopdf-sys.cfg 2010/07/13 v1.3 Configuration of (r)epstopdf for TeX Liv
e
))
\docmute@nestinglevel=\count121


Package natbib Warning: Citation `Mittelbach2015a' on page 1 undefined on input
 line 17.


Package natbib Warning: Citation `Urban2008' on page 1 undefined on input line 
17.


Package natbib Warning: Citation `Harrison2008' on page 1 undefined on input li
ne 17.


Package natbib Warning: Citation `Shipley2006' on page 1 undefined on input lin
e 17.


Package natbib Warning: Citation `Elith2009' on page 1 undefined on input line 
17.


Package natbib Warning: Citation `Urban2008' on page 1 undefined on input line 
17.


Package natbib Warning: Citation `Loeuille2008' on page 1 undefined on input li
ne 17.


Package natbib Warning: Citation `Cottenie2005' on page 1 undefined on input li
ne 17.


Package natbib Warning: Citation `Harrison2008' on page 1 undefined on input li
ne 17.


Package natbib Warning: Citation `Urban2008' on page 1 undefined on input line 
17.


Package natbib Warning: Citation `Mittelbach2015a' on page 1 undefined on input
 line 17.


Package natbib Warning: Citation `Harrison2008' on page 1 undefined on input li
ne 17.


Package natbib Warning: Citation `Blois2009' on page 1 undefined on input line 
19.


Package natbib Warning: Citation `Valentine1969' on page 1 undefined on input l
ine 19.


Package natbib Warning: Citation `Bambach1977' on page 1 undefined on input lin
e 19.


Package natbib Warning: Citation `Brown1989' on page 1 undefined on input line 
19.


Package natbib Warning: Citation `Simberloff1991a' on page 1 undefined on input
 line 19.


Package natbib Warning: Citation `Wilson1999' on page 1 undefined on input line
 19.


Package natbib Warning: Citation `Mcgill2006' on page 1 undefined on input line
 21.


Package natbib Warning: Citation `Weber2017' on page 1 undefined on input line 
21.


Package natbib Warning: Citation `Brown1989' on page 1 undefined on input line 
21.


Package natbib Warning: Citation `Smith2008b' on page 1 undefined on input line
 21.


Package natbib Warning: Citation `Blois2009' on page 1 undefined on input line 
21.


Package natbib Warning: Citation `Blois2009' on page 1 undefined on input line 
21.


Package natbib Warning: Citation `Blois2009' on page 1 undefined on input line 
21.


Package natbib Warning: Citation `Smith2008b' on page 1 undefined on input line
 21.

[1

{/var/lib/texmf/fonts/map/pdftex/updmap/pdftex.map}]

Package natbib Warning: Citation `Alroy1996a' on page 2 undefined on input line
 23.


Package natbib Warning: Citation `Alroy2000g' on page 2 undefined on input line
 23.


Package natbib Warning: Citation `Alroy2009' on page 2 undefined on input line 
23.


Package natbib Warning: Citation `Polly2015a' on page 2 undefined on input line
 23.


Package natbib Warning: Citation `Polly2011b' on page 2 undefined on input line
 23.


Package natbib Warning: Citation `Eronen2010a' on page 2 undefined on input lin
e 23.


Package natbib Warning: Citation `Alroy2009' on page 2 undefined on input line 
29.


Package natbib Warning: Citation `Alroy1996a' on page 2 undefined on input line
 29.


Package natbib Warning: Citation `Janis1993b' on page 2 undefined on input line
 29.


Package natbib Warning: Citation `Alroy2000g' on page 2 undefined on input line
 29.


Package natbib Warning: Citation `Figueirido2012' on page 2 undefined on input 
line 29.


Package natbib Warning: Citation `Pires2015a' on page 2 undefined on input line
 29.


Package natbib Warning: Citation `Fraser2015a' on page 2 undefined on input lin
e 29.


Package natbib Warning: Citation `Smits2015b' on page 2 undefined on input line
 29.


Package natbib Warning: Citation `Quental2013' on page 2 undefined on input lin
e 29.


Package natbib Warning: Citation `Slater2015c' on page 2 undefined on input lin
e 29.


Package natbib Warning: Citation `Silvestro2015b' on page 2 undefined on input 
line 29.


Package natbib Warning: Citation `Badgley2013' on page 2 undefined on input lin
e 29.


Package natbib Warning: Citation `Blois2009' on page 2 undefined on input line 
29.


Package natbib Warning: Citation `Janis1993c' on page 2 undefined on input line
 29.


Package natbib Warning: Citation `Alroy2000g' on page 2 undefined on input line
 29.


Package natbib Warning: Citation `Alroy1996a' on page 2 undefined on input line
 29.


Package natbib Warning: Citation `Figueirido2012' on page 2 undefined on input 
line 29.


Package natbib Warning: Citation `Liow2008' on page 2 undefined on input line 2
9.


Package natbib Warning: Citation `Janis2004' on page 2 undefined on input line 
29.


Package natbib Warning: Citation `Janis2000' on page 2 undefined on input line 
29.


Package natbib Warning: Citation `Jernvall2004' on page 2 undefined on input li
ne 29.


Package natbib Warning: Citation `Janis1993c' on page 2 undefined on input line
 29.


Package natbib Warning: Citation `Pires2015a' on page 2 undefined on input line
 29.


Package natbib Warning: Citation `Janis2008a' on page 2 undefined on input line
 29.


Package natbib Warning: Citation `Quental2013' on page 2 undefined on input lin
e 29.


Package natbib Warning: Citation `Slater2015c' on page 2 undefined on input lin
e 29.


Package natbib Warning: Citation `Silvestro2015b' on page 2 undefined on input 
line 29.


Package natbib Warning: Citation `Fraser2015a' on page 2 undefined on input lin
e 29.


Package natbib Warning: Citation `Cantalapiedra2017' on page 2 undefined on inp
ut line 29.


Package natbib Warning: Citation `Blois2009' on page 2 undefined on input line 
29.


Package natbib Warning: Citation `Janis1993c' on page 2 undefined on input line
 29.


Package natbib Warning: Citation `Janis1993b' on page 2 undefined on input line
 29.


Package natbib Warning: Citation `Fraser2015a' on page 2 undefined on input lin
e 29.


Package natbib Warning: Citation `Eronen2015' on page 2 undefined on input line
 29.


Package natbib Warning: Citation `Badgley2013' on page 2 undefined on input lin
e 29.


Package natbib Warning: Citation `Badgley2017' on page 2 undefined on input lin
e 29.


Package natbib Warning: Citation `Alroy2000g' on page 2 undefined on input line
 29.


Package natbib Warning: Citation `Alroy2009' on page 2 undefined on input line 
31.


Package natbib Warning: Citation `Alroy1996a' on page 2 undefined on input line
 31.


Package natbib Warning: Citation `Eronen2015' on page 2 undefined on input line
 31.


Package natbib Warning: Citation `Janis1993b' on page 2 undefined on input line
 31.


Package natbib Warning: Citation `Alroy2000g' on page 2 undefined on input line
 31.


Package natbib Warning: Citation `Alroy1996a' on page 2 undefined on input line
 31.


Package natbib Warning: Citation `Alroy2000g' on page 2 undefined on input line
 31.


Package natbib Warning: Citation `Alroy2009' on page 2 undefined on input line 
31.


Package natbib Warning: Citation `Alroy2009' on page 2 undefined on input line 
31.


Package natbib Warning: Citation `Rabosky2015b' on page 2 undefined on input li
ne 31.


Package natbib Warning: Citation `Harmon2015a' on page 2 undefined on input lin
e 31.


Package natbib Warning: Citation `Rabosky2013a' on page 2 undefined on input li
ne 31.


Package natbib Warning: Citation `Jernvall2004' on page 2 undefined on input li
ne 31.


Package natbib Warning: Citation `Valkenburgh1999' on page 2 undefined on input
 line 31.


Package natbib Warning: Citation `Silvestro2015b' on page 2 undefined on input 
line 31.


Package natbib Warning: Citation `Quental2013' on page 2 undefined on input lin
e 31.

[2]

Package natbib Warning: Citation `Janis2004' on page 3 undefined on input line 
35.


Package natbib Warning: Citation `Janis2000' on page 3 undefined on input line 
35.


Package natbib Warning: Citation `Janis1993c' on page 3 undefined on input line
 35.


Package natbib Warning: Citation `Janis2008a' on page 3 undefined on input line
 35.


Package natbib Warning: Citation `Cantalapiedra2017' on page 3 undefined on inp
ut line 35.


Package natbib Warning: Citation `Fraser2015a' on page 3 undefined on input lin
e 35.


Package natbib Warning: Citation `Janis2008a' on page 3 undefined on input line
 35.


Package natbib Warning: Citation `Eronen2015' on page 3 undefined on input line
 35.


Package natbib Warning: Citation `Blois2009' on page 3 undefined on input line 
35.


Package natbib Warning: Citation `Badgley2017' on page 3 undefined on input lin
e 35.


Package natbib Warning: Citation `Valkenburgh1999' on page 3 undefined on input
 line 37.


Package natbib Warning: Citation `Silvestro2015b' on page 3 undefined on input 
line 37.


Package natbib Warning: Citation `Slater2015c' on page 3 undefined on input lin
e 37.


Package natbib Warning: Citation `Silvestro2015b' on page 3 undefined on input 
line 37.


Package natbib Warning: Citation `Valkenburgh1999' on page 3 undefined on input
 line 37.


Package natbib Warning: Citation `Valkenburgh1999' on page 3 undefined on input
 line 37.


Package natbib Warning: Citation `Smits2015b' on page 3 undefined on input line
 39.


Package natbib Warning: Citation `Smits2015b' on page 3 undefined on input line
 39.

[3]

Package natbib Warning: Citation `Zachos2001' on page 4 undefined on input line
 43.


Package natbib Warning: Citation `Zachos2008' on page 4 undefined on input line
 43.


Package natbib Warning: Citation `Cramer2011' on page 4 undefined on input line
 43.


Package natbib Warning: Citation `Zachos2001' on page 4 undefined on input line
 43.


Package natbib Warning: Citation `Zachos2008' on page 4 undefined on input line
 43.


Package natbib Warning: Citation `Blois2009' on page 4 undefined on input line 
43.


Package natbib Warning: Citation `Janis1993b' on page 4 undefined on input line
 43.


Package natbib Warning: Citation `Janis2000' on page 4 undefined on input line 
43.


Package natbib Warning: Citation `Stromberg2005' on page 4 undefined on input l
ine 43.


Package natbib Warning: Citation `Stromberg2005' on page 4 undefined on input l
ine 43.


Package natbib Warning: Citation `Blois2009' on page 4 undefined on input line 
43.


Package natbib Warning: Citation `Eronen2015' on page 4 undefined on input line
 43.


Package natbib Warning: Citation `Janis2008a' on page 4 undefined on input line
 43.


Package natbib Warning: Citation `Badgley2013' on page 4 undefined on input lin
e 43.


Package natbib Warning: Citation `Jardine2012' on page 4 undefined on input lin
e 43.


Package natbib Warning: Citation `Jernvall2002' on page 4 undefined on input li
ne 43.


Package natbib Warning: Citation `Damuth2011' on page 4 undefined on input line
 43.


Package natbib Warning: Citation `Alroy1996a' on page 4 undefined on input line
 47.


Package natbib Warning: Citation `Alroy2000g' on page 4 undefined on input line
 47.


Package natbib Warning: Citation `Figueirido2012' on page 4 undefined on input 
line 47.


Package natbib Warning: Citation `Clyde1998a' on page 4 undefined on input line
 47.


Package natbib Warning: Citation `Clyde1998a' on page 4 undefined on input line
 47.


Package natbib Warning: Citation `Alroy2000g' on page 4 undefined on input line
 47.


Package natbib Warning: Citation `Figueirido2012' on page 4 undefined on input 
line 47.

[4]

Package natbib Warning: Citation `Blois2009' on page 5 undefined on input line 
49.


Package natbib Warning: Citation `Brown2014c' on page 5 undefined on input line
 55.


Package natbib Warning: Citation `Warton2015a' on page 5 undefined on input lin
e 55.


Package natbib Warning: Citation `Pollock2012' on page 5 undefined on input lin
e 55.


Package natbib Warning: Citation `Jamil2013' on page 5 undefined on input line 
55.


Package natbib Warning: Citation `Pollock2012' on page 5 undefined on input lin
e 55.


Package natbib Warning: Citation `Jamil2013' on page 5 undefined on input line 
55.

[5] <figure/paleo_fourth_corner.pdf, id=20, 614.295pt x 433.62pt>
File: figure/paleo_fourth_corner.pdf Graphic file (type pdf)

<use figure/paleo_fourth_corner.pdf>
Package pdftex.def Info: figure/paleo_fourth_corner.pdf used on input line 59.
(pdftex.def)             Requested size: 310.81172pt x 219.39651pt.


Package natbib Warning: Citation `Brown2014c' on page 6 undefined on input line
 60.


Package natbib Warning: Citation `Warton2015a' on page 6 undefined on input lin
e 60.


Package natbib Warning: Citation `Brown2014c' on page 6 undefined on input line
 60.


Package natbib Warning: Citation `Warton2015a' on page 6 undefined on input lin
e 60.


Package natbib Warning: Citation `Bush2007' on page 6 undefined on input line 6
4.


Package natbib Warning: Citation `Bambach2007' on page 6 undefined on input lin
e 64.


Package natbib Warning: Citation `Bush2011' on page 6 undefined on input line 6
4.


Package natbib Warning: Citation `Bush2012b' on page 6 undefined on input line 
64.


Package natbib Warning: Citation `Novack-Gottshall2007' on page 6 undefined on 
input line 64.


Package natbib Warning: Citation `Villeger2011' on page 6 undefined on input li
ne 64.

[6 <./figure/paleo_fourth_corner.pdf>]

Package natbib Warning: Citation `Cramer2011' on page 7 undefined on input line
 66.


Package natbib Warning: Citation `Graham2011a' on page 7 undefined on input lin
e 66.


Package natbib Warning: Citation `Royle2008' on page 7 undefined on input line 
68.


Package natbib Warning: Citation `Royle2005' on page 7 undefined on input line 
68.


Package natbib Warning: Citation `Foote1999a' on page 7 undefined on input line
 68.


Package natbib Warning: Citation `Foote2001' on page 7 undefined on input line 
68.


Package natbib Warning: Citation `Lloyd2011' on page 7 undefined on input line 
68.


Package natbib Warning: Citation `Wang2016b' on page 7 undefined on input line 
68.


Package natbib Warning: Citation `Foote1999a' on page 7 undefined on input line
 68.


Package natbib Warning: Citation `Foote2001' on page 7 undefined on input line 
68.


Package natbib Warning: Citation `Wang2015' on page 7 undefined on input line 6
8.


Package natbib Warning: Citation `Wang2016b' on page 7 undefined on input line 
68.


Package natbib Warning: There were undefined citations.

[7] (./intro.aux) ) 
Here is how much of TeX's memory you used:
 5754 strings out of 493304
 87610 string characters out of 6139872
 183909 words of memory out of 5000000
 9071 multiletter control sequences out of 15000+600000
 7367 words of font info for 59 fonts, out of 8000000 for 9000
 957 hyphenation exceptions out of 8191
 36i,6n,45p,1592b,333s stack positions out of 5000i,500n,10000p,200000b,80000s
</usr/share/texlive/texmf-dist/fonts/type1/public/amsfonts/c
m/cmbx12.pfb></usr/share/texlive/texmf-dist/fonts/type1/public/amsfonts/cm/cmr1
2.pfb>
Output written on intro.pdf (7 pages, 59182 bytes).
PDF statistics:
 54 PDF objects out of 1000 (max. 8388607)
 34 compressed objects within 1 object stream
 0 named destinations out of 1000 (max. 500000)
 6150 words of extra memory for PDF output out of 10000 (max. 10000000)

