This is pdfTeX, Version 3.1415926-2.5-1.40.14 (TeX Live 2013/Debian) (format=pdflatex 2014.9.3)  20 FEB 2017 14:07
entering extended mode
 restricted \write18 enabled.
 %&-line parsing enabled.
**methods.tex
(./methods.tex
LaTeX2e <2011/06/27>
Babel <3.9h> and hyphenation patterns for 78 languages loaded.
(/usr/share/texlive/texmf-dist/tex/latex/base/article.cls
Document Class: article 2007/10/19 v1.4h Standard LaTeX document class
(/usr/share/texlive/texmf-dist/tex/latex/base/size12.clo
File: size12.clo 2007/10/19 v1.4h Standard LaTeX file (size option)
)
\c@part=\count79
\c@section=\count80
\c@subsection=\count81
\c@subsubsection=\count82
\c@paragraph=\count83
\c@subparagraph=\count84
\c@figure=\count85
\c@table=\count86
\abovecaptionskip=\skip41
\belowcaptionskip=\skip42
\bibindent=\dimen102
)
(/usr/share/texlive/texmf-dist/tex/latex/amsmath/amsmath.sty
Package: amsmath 2013/01/14 v2.14 AMS math features
\@mathmargin=\skip43

For additional information on amsmath, use the `?' option.
(/usr/share/texlive/texmf-dist/tex/latex/amsmath/amstext.sty
Package: amstext 2000/06/29 v2.01

(/usr/share/texlive/texmf-dist/tex/latex/amsmath/amsgen.sty
File: amsgen.sty 1999/11/30 v2.0
\@emptytoks=\toks14
\ex@=\dimen103
))
(/usr/share/texlive/texmf-dist/tex/latex/amsmath/amsbsy.sty
Package: amsbsy 1999/11/29 v1.2d
\pmbraise@=\dimen104
)
(/usr/share/texlive/texmf-dist/tex/latex/amsmath/amsopn.sty
Package: amsopn 1999/12/14 v2.01 operator names
)
\inf@bad=\count87
LaTeX Info: Redefining \frac on input line 210.
\uproot@=\count88
\leftroot@=\count89
LaTeX Info: Redefining \overline on input line 306.
\classnum@=\count90
\DOTSCASE@=\count91
LaTeX Info: Redefining \ldots on input line 378.
LaTeX Info: Redefining \dots on input line 381.
LaTeX Info: Redefining \cdots on input line 466.
\Mathstrutbox@=\box26
\strutbox@=\box27
\big@size=\dimen105
LaTeX Font Info:    Redeclaring font encoding OML on input line 566.
LaTeX Font Info:    Redeclaring font encoding OMS on input line 567.
\macc@depth=\count92
\c@MaxMatrixCols=\count93
\dotsspace@=\muskip10
\c@parentequation=\count94
\dspbrk@lvl=\count95
\tag@help=\toks15
\row@=\count96
\column@=\count97
\maxfields@=\count98
\andhelp@=\toks16
\eqnshift@=\dimen106
\alignsep@=\dimen107
\tagshift@=\dimen108
\tagwidth@=\dimen109
\totwidth@=\dimen110
\lineht@=\dimen111
\@envbody=\toks17
\multlinegap=\skip44
\multlinetaggap=\skip45
\mathdisplay@stack=\toks18
LaTeX Info: Redefining \[ on input line 2665.
LaTeX Info: Redefining \] on input line 2666.
)
(/usr/share/texlive/texmf-dist/tex/latex/amscls/amsthm.sty
Package: amsthm 2004/08/06 v2.20
\thm@style=\toks19
\thm@bodyfont=\toks20
\thm@headfont=\toks21
\thm@notefont=\toks22
\thm@headpunct=\toks23
\thm@preskip=\skip46
\thm@postskip=\skip47
\thm@headsep=\skip48
\dth@everypar=\toks24
)
(/usr/share/texlive/texmf-dist/tex/latex/amsfonts/amsfonts.sty
Package: amsfonts 2013/01/14 v3.01 Basic AMSFonts support
\symAMSa=\mathgroup4
\symAMSb=\mathgroup5
LaTeX Font Info:    Overwriting math alphabet `\mathfrak' in version `bold'
(Font)                  U/euf/m/n --> U/euf/b/n on input line 106.
)
(/usr/share/texlive/texmf-dist/tex/latex/amsfonts/amssymb.sty
Package: amssymb 2013/01/14 v3.01 AMS font symbols
)
(/usr/share/texlive/texmf-dist/tex/latex/microtype/microtype.sty
Package: microtype 2013/05/23 v2.5a Micro-typographical refinements (RS)

(/usr/share/texlive/texmf-dist/tex/latex/graphics/keyval.sty
Package: keyval 1999/03/16 v1.13 key=value parser (DPC)
\KV@toks@=\toks25
)
\MT@toks=\toks26
\MT@count=\count99
LaTeX Info: Redefining \textls on input line 766.
\MT@outer@kern=\dimen112
LaTeX Info: Redefining \textmicrotypecontext on input line 1285.
\MT@listname@count=\count100

(/usr/share/texlive/texmf-dist/tex/latex/microtype/microtype-pdftex.def
File: microtype-pdftex.def 2013/05/23 v2.5a Definitions specific to pdftex (RS)

LaTeX Info: Redefining \lsstyle on input line 915.
LaTeX Info: Redefining \lslig on input line 915.
\MT@outer@space=\skip49
)
Package microtype Info: Loading configuration file microtype.cfg.

(/usr/share/texlive/texmf-dist/tex/latex/microtype/microtype.cfg
File: microtype.cfg 2013/05/23 v2.5a microtype main configuration file (RS)
))
(/usr/share/texlive/texmf-dist/tex/latex/parskip/parskip.sty
Package: parskip 2001/04/09 non-zero parskip adjustments
)
(/usr/share/texlive/texmf-dist/tex/latex/graphics/graphicx.sty
Package: graphicx 1999/02/16 v1.0f Enhanced LaTeX Graphics (DPC,SPQR)

(/usr/share/texlive/texmf-dist/tex/latex/graphics/graphics.sty
Package: graphics 2009/02/05 v1.0o Standard LaTeX Graphics (DPC,SPQR)

(/usr/share/texlive/texmf-dist/tex/latex/graphics/trig.sty
Package: trig 1999/03/16 v1.09 sin cos tan (DPC)
)
(/usr/share/texlive/texmf-dist/tex/latex/latexconfig/graphics.cfg
File: graphics.cfg 2010/04/23 v1.9 graphics configuration of TeX Live
)
Package graphics Info: Driver file: pdftex.def on input line 91.

(/usr/share/texlive/texmf-dist/tex/latex/pdftex-def/pdftex.def
File: pdftex.def 2011/05/27 v0.06d Graphics/color for pdfTeX

(/usr/share/texlive/texmf-dist/tex/generic/oberdiek/infwarerr.sty
Package: infwarerr 2010/04/08 v1.3 Providing info/warning/error messages (HO)
)
(/usr/share/texlive/texmf-dist/tex/generic/oberdiek/ltxcmds.sty
Package: ltxcmds 2011/11/09 v1.22 LaTeX kernel commands for general use (HO)
)
\Gread@gobject=\count101
))
\Gin@req@height=\dimen113
\Gin@req@width=\dimen114
)
(/usr/share/texlive/texmf-dist/tex/latex/natbib/natbib.sty
Package: natbib 2010/09/13 8.31b (PWD, AO)
\bibhang=\skip50
\bibsep=\skip51
LaTeX Info: Redefining \cite on input line 694.
\c@NAT@ctr=\count102
)
(/usr/share/texlive/texmf-dist/tex/latex/lineno/lineno.sty
Package: lineno 2005/11/02 line numbers on paragraphs v4.41
\linenopenalty=\count103
\output=\toks27
\linenoprevgraf=\count104
\linenumbersep=\dimen115
\linenumberwidth=\dimen116
\c@linenumber=\count105
\c@pagewiselinenumber=\count106
\c@LN@truepage=\count107
\c@internallinenumber=\count108
\c@internallinenumbers=\count109
\quotelinenumbersep=\dimen117
\bframerule=\dimen118
\bframesep=\dimen119
\bframebox=\box28
LaTeX Info: Redefining \\ on input line 3056.
)
(/usr/share/texlive/texmf-dist/tex/latex/tools/longtable.sty
Package: longtable 2004/02/01 v4.11 Multi-page Table package (DPC)
\LTleft=\skip52
\LTright=\skip53
\LTpre=\skip54
\LTpost=\skip55
\LTchunksize=\count110
\LTcapwidth=\dimen120
\LT@head=\box29
\LT@firsthead=\box30
\LT@foot=\box31
\LT@lastfoot=\box32
\LT@cols=\count111
\LT@rows=\count112
\c@LT@tables=\count113
\c@LT@chunks=\count114
\LT@p@ftn=\toks28
)
(/usr/share/texlive/texmf-dist/tex/latex/docmute/docmute.sty
Package: docmute 2012/03/22 v1.4 Input stand-alone documents
)
(/usr/share/texlive/texmf-dist/tex/latex/caption/caption.sty
Package: caption 2013/05/02 v3.3-89 Customizing captions (AR)

(/usr/share/texlive/texmf-dist/tex/latex/caption/caption3.sty
Package: caption3 2013/05/02 v1.6-88 caption3 kernel (AR)
Package caption3 Info: TeX engine: e-TeX on input line 57.
\captionmargin=\dimen121
\captionmargin@=\dimen122
\captionwidth=\dimen123
\caption@tempdima=\dimen124
\caption@indent=\dimen125
\caption@parindent=\dimen126
\caption@hangindent=\dimen127
)
\c@ContinuedFloat=\count115
Package caption Info: longtable package is loaded.

(/usr/share/texlive/texmf-dist/tex/latex/caption/ltcaption.sty
Package: ltcaption 2013/02/03 v1.3-62 longtable captions (AR)
))
(/usr/share/texlive/texmf-dist/tex/latex/caption/subcaption.sty
Package: subcaption 2013/02/03 v1.1-62 Sub-captions (AR)
\c@subfigure=\count116
\c@subtable=\count117
)
(/usr/share/texlive/texmf-dist/tex/latex/multirow/multirow.sty
\bigstrutjot=\dimen128
)
(/usr/share/texlive/texmf-dist/tex/latex/morefloats/morefloats.sty
Package: morefloats 2012/01/28 v1.0f Raise limit of unprocessed floats (HMM; DH
)

(/usr/share/texlive/texmf-dist/tex/latex/oberdiek/kvoptions.sty
Package: kvoptions 2011/06/30 v3.11 Key value format for package options (HO)

(/usr/share/texlive/texmf-dist/tex/generic/oberdiek/kvsetkeys.sty
Package: kvsetkeys 2012/04/25 v1.16 Key value parser (HO)

(/usr/share/texlive/texmf-dist/tex/generic/oberdiek/etexcmds.sty
Package: etexcmds 2011/02/16 v1.5 Avoid name clashes with e-TeX commands (HO)

(/usr/share/texlive/texmf-dist/tex/generic/oberdiek/ifluatex.sty
Package: ifluatex 2010/03/01 v1.3 Provides the ifluatex switch (HO)
Package ifluatex Info: LuaTeX not detected.
)
Package etexcmds Info: Could not find \expanded.
(etexcmds)             That can mean that you are not using pdfTeX 1.50 or
(etexcmds)             that some package has redefined \expanded.
(etexcmds)             In the latter case, load this package earlier.
)))
Package morefloats Info: Maximum number of possible floats asked for: 36.
(morefloats)             LaTeX might run out of memory before this
(morefloats)             (in which case it will notify you).
(morefloats)              on input line 171.
\bx@S=\insert233
\bx@T=\insert232
\bx@U=\insert231
\bx@V=\insert230
\bx@W=\insert229
\bx@X=\insert228
\bx@Y=\insert227
\bx@Z=\insert226
\bx@AA=\insert225
\bx@AB=\insert224
\bx@AC=\insert223
\bx@AD=\insert222
\bx@AE=\insert221
\bx@AF=\insert220
\bx@AG=\insert219
\bx@AH=\insert218
\bx@AI=\insert217
\bx@AJ=\insert216
)
(/usr/share/texlive/texmf-dist/tex/latex/rotating/rotating.sty
Package: rotating 2009/03/28 v2.16a rotated objects in LaTeX

(/usr/share/texlive/texmf-dist/tex/latex/base/ifthen.sty
Package: ifthen 2001/05/26 v1.1c Standard LaTeX ifthen package (DPC)
)
\c@r@tfl@t=\count118
\rotFPtop=\skip56
\rotFPbot=\skip57
\rot@float@box=\box33
\rot@mess@toks=\toks29
)
(/usr/share/texlive/texmf-dist/tex/latex/wrapfig/wrapfig.sty
\wrapoverhang=\dimen129
\WF@size=\dimen130
\c@WF@wrappedlines=\count119
\WF@box=\box34
\WF@everypar=\toks30
Package: wrapfig 2003/01/31  v 3.6
)
(/usr/share/texlive/texmf-dist/tex/latex/hyperref/hyperref.sty
Package: hyperref 2012/11/06 v6.83m Hypertext links for LaTeX

(/usr/share/texlive/texmf-dist/tex/generic/oberdiek/hobsub-hyperref.sty
Package: hobsub-hyperref 2012/05/28 v1.13 Bundle oberdiek, subset hyperref (HO)


(/usr/share/texlive/texmf-dist/tex/generic/oberdiek/hobsub-generic.sty
Package: hobsub-generic 2012/05/28 v1.13 Bundle oberdiek, subset generic (HO)
Package: hobsub 2012/05/28 v1.13 Construct package bundles (HO)
Package hobsub Info: Skipping package `infwarerr' (already loaded).
Package hobsub Info: Skipping package `ltxcmds' (already loaded).
Package hobsub Info: Skipping package `ifluatex' (already loaded).
Package: ifvtex 2010/03/01 v1.5 Detect VTeX and its facilities (HO)
Package ifvtex Info: VTeX not detected.
Package: intcalc 2007/09/27 v1.1 Expandable calculations with integers (HO)
Package: ifpdf 2011/01/30 v2.3 Provides the ifpdf switch (HO)
Package ifpdf Info: pdfTeX in PDF mode is detected.
Package hobsub Info: Skipping package `etexcmds' (already loaded).
Package hobsub Info: Skipping package `kvsetkeys' (already loaded).
Package: kvdefinekeys 2011/04/07 v1.3 Define keys (HO)
Package: pdftexcmds 2011/11/29 v0.20 Utility functions of pdfTeX for LuaTeX (HO
)
Package pdftexcmds Info: LuaTeX not detected.
Package pdftexcmds Info: \pdf@primitive is available.
Package pdftexcmds Info: \pdf@ifprimitive is available.
Package pdftexcmds Info: \pdfdraftmode found.
Package: pdfescape 2011/11/25 v1.13 Implements pdfTeX's escape features (HO)
Package: bigintcalc 2012/04/08 v1.3 Expandable calculations on big integers (HO
)
Package: bitset 2011/01/30 v1.1 Handle bit-vector datatype (HO)
Package: uniquecounter 2011/01/30 v1.2 Provide unlimited unique counter (HO)
)
Package hobsub Info: Skipping package `hobsub' (already loaded).
Package: letltxmacro 2010/09/02 v1.4 Let assignment for LaTeX macros (HO)
Package: hopatch 2012/05/28 v1.2 Wrapper for package hooks (HO)
Package: xcolor-patch 2011/01/30 xcolor patch
Package: atveryend 2011/06/30 v1.8 Hooks at the very end of document (HO)
Package atveryend Info: \enddocument detected (standard20110627).
Package atveryend Info: \docmute@enddocument detected (standard20110627).
Package: atbegshi 2011/10/05 v1.16 At begin shipout hook (HO)
Package: refcount 2011/10/16 v3.4 Data extraction from label references (HO)
Package: hycolor 2011/01/30 v1.7 Color options for hyperref/bookmark (HO)
)
(/usr/share/texlive/texmf-dist/tex/generic/ifxetex/ifxetex.sty
Package: ifxetex 2010/09/12 v0.6 Provides ifxetex conditional
)
(/usr/share/texlive/texmf-dist/tex/latex/oberdiek/auxhook.sty
Package: auxhook 2011/03/04 v1.3 Hooks for auxiliary files (HO)


Package auxhook Warning: Cannot patch \document,
(auxhook)                using \AtBeginDocument instead.

)
\@linkdim=\dimen131
\Hy@linkcounter=\count120
\Hy@pagecounter=\count121
 (/usr/share/texlive/texmf-dist/tex/latex/hyperref/pd1enc.def
File: pd1enc.def 2012/11/06 v6.83m Hyperref: PDFDocEncoding definition (HO)
)
\Hy@SavedSpaceFactor=\count122

(/usr/share/texlive/texmf-dist/tex/latex/latexconfig/hyperref.cfg
File: hyperref.cfg 2002/06/06 v1.2 hyperref configuration of TeXLive
)
Package hyperref Info: Hyper figures OFF on input line 4443.
Package hyperref Info: Link nesting OFF on input line 4448.
Package hyperref Info: Hyper index ON on input line 4451.
Package hyperref Info: Plain pages OFF on input line 4458.
Package hyperref Info: Backreferencing OFF on input line 4463.
Package hyperref Info: Implicit mode ON; LaTeX internals redefined.
Package hyperref Info: Bookmarks ON on input line 4688.
\c@Hy@tempcnt=\count123

(/usr/share/texlive/texmf-dist/tex/latex/url/url.sty
\Urlmuskip=\muskip11
Package: url 2013/09/16  ver 3.4  Verb mode for urls, etc.
)
LaTeX Info: Redefining \url on input line 5041.
\XeTeXLinkMargin=\dimen132
\Fld@menulength=\count124
\Field@Width=\dimen133
\Fld@charsize=\dimen134
Package hyperref Info: Hyper figures OFF on input line 6295.
Package hyperref Info: Link nesting OFF on input line 6300.
Package hyperref Info: Hyper index ON on input line 6303.
Package hyperref Info: backreferencing OFF on input line 6310.
Package hyperref Info: Link coloring OFF on input line 6315.
Package hyperref Info: Link coloring with OCG OFF on input line 6320.
Package hyperref Info: PDF/A mode OFF on input line 6325.
LaTeX Info: Redefining \ref on input line 6365.
LaTeX Info: Redefining \pageref on input line 6369.
\Hy@abspage=\count125
\c@Item=\count126
\c@Hfootnote=\count127
)

Package hyperref Message: Driver (autodetected): hpdftex.

(/usr/share/texlive/texmf-dist/tex/latex/hyperref/hpdftex.def
File: hpdftex.def 2012/11/06 v6.83m Hyperref driver for pdfTeX
\Fld@listcount=\count128
\c@bookmark@seq@number=\count129

(/usr/share/texlive/texmf-dist/tex/latex/oberdiek/rerunfilecheck.sty
Package: rerunfilecheck 2011/04/15 v1.7 Rerun checks for auxiliary files (HO)
Package uniquecounter Info: New unique counter `rerunfilecheck' on input line 2
82.
)
\Hy@SectionHShift=\skip58
)
(./methods.aux)
\openout1 = `methods.aux'.

LaTeX Font Info:    Checking defaults for OML/cmm/m/it on input line 15.
LaTeX Font Info:    ... okay on input line 15.
LaTeX Font Info:    Checking defaults for T1/cmr/m/n on input line 15.
LaTeX Font Info:    ... okay on input line 15.
LaTeX Font Info:    Checking defaults for OT1/cmr/m/n on input line 15.
LaTeX Font Info:    ... okay on input line 15.
LaTeX Font Info:    Checking defaults for OMS/cmsy/m/n on input line 15.
LaTeX Font Info:    ... okay on input line 15.
LaTeX Font Info:    Checking defaults for OMX/cmex/m/n on input line 15.
LaTeX Font Info:    ... okay on input line 15.
LaTeX Font Info:    Checking defaults for U/cmr/m/n on input line 15.
LaTeX Font Info:    ... okay on input line 15.
LaTeX Font Info:    Checking defaults for PD1/pdf/m/n on input line 15.
LaTeX Font Info:    ... okay on input line 15.
LaTeX Info: Redefining \microtypecontext on input line 15.
Package microtype Info: Generating PDF output.
Package microtype Info: Character protrusion enabled (level 2).
Package microtype Info: Using default protrusion set `alltext'.
Package microtype Info: Automatic font expansion enabled (level 2),
(microtype)             stretch: 20, shrink: 20, step: 1, non-selected.
Package microtype Info: Using default expansion set `basictext'.
Package microtype Info: No adjustment of tracking.
Package microtype Info: No adjustment of interword spacing.
Package microtype Info: No adjustment of character kerning.
 (/usr/share/texlive/texmf-dist/tex/latex/microtype/mt-cmr.cfg
File: mt-cmr.cfg 2013/05/19 v2.2 microtype config. file: Computer Modern Roman 
(RS)
)
(/usr/share/texlive/texmf-dist/tex/context/base/supp-pdf.mkii
[Loading MPS to PDF converter (version 2006.09.02).]
\scratchcounter=\count130
\scratchdimen=\dimen135
\scratchbox=\box35
\nofMPsegments=\count131
\nofMParguments=\count132
\everyMPshowfont=\toks31
\MPscratchCnt=\count133
\MPscratchDim=\dimen136
\MPnumerator=\count134
\makeMPintoPDFobject=\count135
\everyMPtoPDFconversion=\toks32
) (/usr/share/texlive/texmf-dist/tex/latex/oberdiek/epstopdf-base.sty
Package: epstopdf-base 2010/02/09 v2.5 Base part for package epstopdf

(/usr/share/texlive/texmf-dist/tex/latex/oberdiek/grfext.sty
Package: grfext 2010/08/19 v1.1 Manage graphics extensions (HO)
)
Package grfext Info: Graphics extension search list:
(grfext)             [.png,.pdf,.jpg,.mps,.jpeg,.jbig2,.jb2,.PNG,.PDF,.JPG,.JPE
G,.JBIG2,.JB2,.eps]
(grfext)             \AppendGraphicsExtensions on input line 452.

(/usr/share/texlive/texmf-dist/tex/latex/latexconfig/epstopdf-sys.cfg
File: epstopdf-sys.cfg 2010/07/13 v1.3 Configuration of (r)epstopdf for TeX Liv
e
))
Package caption Info: Begin \AtBeginDocument code.
Package caption Info: hyperref package is loaded.
Package caption Info: rotating package is loaded.
Package caption Info: wrapfig package is loaded.
Package caption Info: End \AtBeginDocument code.
\AtBeginShipoutBox=\box36
Package hyperref Info: Link coloring OFF on input line 15.

(/usr/share/texlive/texmf-dist/tex/latex/hyperref/nameref.sty
Package: nameref 2012/10/27 v2.43 Cross-referencing by name of section

(/usr/share/texlive/texmf-dist/tex/generic/oberdiek/gettitlestring.sty
Package: gettitlestring 2010/12/03 v1.4 Cleanup title references (HO)
)
\c@section@level=\count136
)
LaTeX Info: Redefining \ref on input line 15.
LaTeX Info: Redefining \pageref on input line 15.
LaTeX Info: Redefining \nameref on input line 15.

(./methods.out) (./methods.out)
\@outlinefile=\write3
\openout3 = `methods.out'.

\docmute@nestinglevel=\count137


Package natbib Warning: Citation `Cohen2015' on page 1 undefined on input line 
19.

Package microtype Info: Loading generic settings for font family
(microtype)             `cmtt' (encoding: OT1).
(microtype)             For optimal results, create family-specific settings.
(microtype)             See the microtype manual for details.
LaTeX Font Info:    Try loading font information for U+msa on input line 19.
(/usr/share/texlive/texmf-dist/tex/latex/amsfonts/umsa.fd
File: umsa.fd 2013/01/14 v3.01 AMS symbols A
)
(/usr/share/texlive/texmf-dist/tex/latex/microtype/mt-msa.cfg
File: mt-msa.cfg 2006/02/04 v1.1 microtype config. file: AMS symbols (a) (RS)
)
LaTeX Font Info:    Try loading font information for U+msb on input line 19.

(/usr/share/texlive/texmf-dist/tex/latex/amsfonts/umsb.fd
File: umsb.fd 2013/01/14 v3.01 AMS symbols B
)
(/usr/share/texlive/texmf-dist/tex/latex/microtype/mt-msb.cfg
File: mt-msb.cfg 2005/06/01 v1.0 microtype config. file: AMS symbols (b) (RS)
)

Package natbib Warning: Citation `Smits2015b' on page 1 undefined on input line
 22.


Package natbib Warning: Citation `Janis1998' on page 1 undefined on input line 
22.


Package natbib Warning: Citation `Janis2008' on page 1 undefined on input line 
22.


Package natbib Warning: Citation `Smits2015b' on page 1 undefined on input line
 24.


LaTeX Warning: Reference `tab:posture' on page 1 undefined on input line 24.


Package natbib Warning: Citation `Carrano1999' on page 1 undefined on input lin
e 24.

[1

{/var/lib/texmf/fonts/map/pdftex/updmap/pdftex.map}]
Overfull \hbox (54.12361pt too wide) in paragraph at lines 29--44
 [][] 
 []

(./posture_edit.tex

Package natbib Warning: Citation `Carrano1999' on page 2 undefined on input lin
e 4.


Package natbib Warning: Citation `Carrano1999' on page 2 undefined on input lin
e 4.


Overfull \hbox (12.0pt too wide) in alignment at lines 8--12
 [] [] [] 
 []


Overfull \hbox (12.0pt too wide) in alignment at lines 12--15
 [] [] [] 
 []


Overfull \hbox (12.0pt too wide) in alignment at lines 15--18
 [] [] [] 
 []


Overfull \hbox (69.60495pt too wide) in alignment at lines 18--40
 [] [] [] 
 []


Overfull \hbox (95.8769pt too wide) in alignment at lines 40--60
 [] [] [] 
 []

[2]
Overfull \hbox (118.3975pt too wide) in alignment at lines 60--80
 [] [] [] 
 []


Overfull \hbox (127.66685pt too wide) in alignment at lines 80--100
 [] [] [] 
 []

[3]
Overfull \hbox (127.66685pt too wide) in alignment at lines 100--112
 [] [] [] 
 []


Package longtable Warning: Column widths have changed
(longtable)                in table 2 on input line 112.

[4])

Package natbib Warning: Citation `Tomiya2013' on page 5 undefined on input line
 48.


Package natbib Warning: Citation `Brook2004a' on page 5 undefined on input line
 48.


Package natbib Warning: Citation `Freudenthal2013' on page 5 undefined on input
 line 48.


Package natbib Warning: Citation `McKenna2011' on page 5 undefined on input lin
e 48.


Package natbib Warning: Citation `Raia2012f' on page 5 undefined on input line 
48.


Package natbib Warning: Citation `Smith2004' on page 5 undefined on input line 
48.


Package natbib Warning: Citation `Smits2015b' on page 5 undefined on input line
 48.


Package natbib Warning: Citation `Smits2015b' on page 5 undefined on input line
 48.


Package natbib Warning: Citation `Gelman2007' on page 5 undefined on input line
 48.


Package natbib Warning: Citation `Gelman2008' on page 5 undefined on input line
 48.


Package natbib Warning: Citation `Legendre1986' on page 5 undefined on input li
ne 57.


Package natbib Warning: Citation `Foster2009a' on page 5 undefined on input lin
e 58.


Package natbib Warning: Citation `Luo2001' on page 5 undefined on input line 59
.


Package natbib Warning: Citation `VanValkenburgh1990' on page 5 undefined on in
put line 60.


Package natbib Warning: Citation `Bloch1998' on page 5 undefined on input line 
61.


Package natbib Warning: Citation `Bloch1998' on page 5 undefined on input line 
62.


Package natbib Warning: Citation `Tomiya2013' on page 5 undefined on input line
 63.


Package natbib Warning: Citation `Tomiya2013' on page 5 undefined on input line
 64.


Package natbib Warning: Citation `Gordon2003' on page 5 undefined on input line
 65.


Package natbib Warning: Citation `Gordon2003' on page 5 undefined on input line
 66.


Package natbib Warning: Citation `Legendre1986' on page 5 undefined on input li
ne 67.


Package natbib Warning: Citation `Mendoza2006' on page 5 undefined on input lin
e 68.


Package natbib Warning: Citation `Mendoza2006' on page 5 undefined on input lin
e 69.


Package natbib Warning: Citation `Mendoza2006' on page 5 undefined on input lin
e 70.


Package natbib Warning: Citation `Mendoza2006' on page 5 undefined on input lin
e 71.


Overfull \hbox (1.74796pt too wide) in paragraph at lines 53--75
 [][] 
 []


Package natbib Warning: Citation `Alroy1996a' on page 5 undefined on input line
 78.


Package natbib Warning: Citation `Alroy2000g' on page 5 undefined on input line
 78.


Package natbib Warning: Citation `Marcot2014' on page 5 undefined on input line
 78.


Package natbib Warning: Citation `Alroy2009' on page 5 undefined on input line 
78.


Package natbib Warning: Citation `Graham2011a' on page 5 undefined on input lin
e 83.


Package natbib Warning: Citation `Cramer2011' on page 5 undefined on input line
 83.


Package natbib Warning: Citation `Zachos2001' on page 5 undefined on input line
 83.


Package natbib Warning: Citation `Zachos2008' on page 5 undefined on input line
 83.


Package natbib Warning: Citation `Alroy2000g' on page 5 undefined on input line
 83.


Package natbib Warning: Citation `Figueirido2012' on page 5 undefined on input 
line 83.


Package natbib Warning: Citation `Ezard2016a' on page 5 undefined on input line
 83.

[5]

Package natbib Warning: Citation `Graham2011a' on page 6 undefined on input lin
e 87.


Package natbib Warning: Citation `Graham2011a' on page 6 undefined on input lin
e 87.


Package natbib Warning: Citation `Graham2011a' on page 6 undefined on input lin
e 99.


Package natbib Warning: Citation `Graham2011a' on page 6 undefined on input lin
e 99.


Package natbib Warning: Citation `Graham2011a' on page 6 undefined on input lin
e 99.


Package natbib Warning: Citation `Gelman2007' on page 6 undefined on input line
 99.


LaTeX Warning: Reference `tab:plant_def' on page 6 undefined on input line 99.

[6]

Package natbib Warning: Citation `Allen2011' on page 7 undefined on input line 
103.


LaTeX Warning: Reference `tab:transition' on page 7 undefined on input line 103
.


Package natbib Warning: Citation `Allen2011' on page 7 undefined on input line 
103.


LaTeX Warning: Reference `tab:transition' on page 7 undefined on input line 103
.


Overfull \hbox (33.52629pt too wide) in paragraph at lines 107--117
[][] 
 []


Overfull \hbox (34.74713pt too wide) in paragraph at lines 121--131
[][] 
 []


LaTeX Warning: Reference `tab:pp' on page 7 undefined on input line 134.


LaTeX Warning: Reference `tab:bd' on page 7 undefined on input line 134.


Package natbib Warning: Citation `Allen2011' on page 7 undefined on input line 
134.


LaTeX Warning: Reference `tab:pp' on page 7 undefined on input line 134.


LaTeX Warning: Reference `tab:bd' on page 7 undefined on input line 134.


Package natbib Warning: Citation `Allen2011' on page 7 undefined on input line 
134.


Package natbib Warning: Citation `Royle2008' on page 7 undefined on input line 
140.


Package natbib Warning: Citation `Royle2007a' on page 7 undefined on input line
 140.

[7]

Package natbib Warning: Citation `Royle2008' on page 8 undefined on input line 
142.


Package natbib Warning: Citation `Gelman2007' on page 8 undefined on input line
 144.


Package natbib Warning: Citation `Rubin1996' on page 8 undefined on input line 
144.


Package natbib Warning: Citation `Gelman2013d' on page 8 undefined on input lin
e 144.


Package natbib Warning: Citation `Royle2012b' on page 8 undefined on input line
 144.


Package natbib Warning: Citation `Gelman2007' on page 8 undefined on input line
 144.


Package natbib Warning: Citation `Royle2012b' on page 8 undefined on input line
 144.

[8]

Package natbib Warning: Citation `Royle2008' on page 9 undefined on input line 
149.


Overfull \hbox (53.94719pt too wide) in paragraph at lines 154--167
 [][] 
 []

[9]

LaTeX Warning: Reference `tab:pp' on page 10 undefined on input line 182.


Package natbib Warning: Citation `Gelman2007' on page 10 undefined on input lin
e 182.


Package natbib Warning: Citation `Gelman2013d' on page 10 undefined on input li
ne 182.


Overfull \hbox (33.70364pt too wide) in paragraph at lines 187--203
 [][] 
 []

[10]

Package natbib Warning: Citation `Gelman2007' on page 11 undefined on input lin
e 207.


Package natbib Warning: Citation `Gelman2007' on page 11 undefined on input lin
e 207.


Package natbib Warning: Citation `Gelman2013d' on page 11 undefined on input li
ne 209.


Package natbib Warning: Citation `McElreath2016' on page 11 undefined on input 
line 209.


Package natbib Warning: Citation `StanDevelopmentTeam2016' on page 11 undefined
 on input line 209.


Package natbib Warning: Citation `Gelman2013d' on page 11 undefined on input li
ne 209.


Package natbib Warning: Citation `McElreath2016' on page 11 undefined on input 
line 209.


Package natbib Warning: Citation `StanDevelopmentTeam2016' on page 11 undefined
 on input line 209.


LaTeX Warning: Reference `tab:bd' on page 11 undefined on input line 237.

[11]

LaTeX Warning: Command \textunderscore invalid in math mode on input line 279.


LaTeX Warning: Command \textunderscore invalid in math mode on input line 279.


LaTeX Warning: Command \textunderscore invalid in math mode on input line 280.


LaTeX Warning: Command \textunderscore invalid in math mode on input line 280.


Overfull \hbox (33.70364pt too wide) in paragraph at lines 275--299
 [][] 
 []


Package natbib Warning: Citation `StanDevelopmentTeam2016' on page 12 undefined
 on input line 307.

[12] [13]

LaTeX Warning: Reference `fig:margin_concept' on page 14 undefined on input lin
e 309.


Package natbib Warning: Citation `StanDevelopmentTeam2016' on page 14 undefined
 on input line 309.

<figure/margin.pdf, id=122, 597.23125pt x 845.1575pt>
File: figure/margin.pdf Graphic file (type pdf)
 <use figure/margin.pdf>
Package pdftex.def Info: figure/margin.pdf used on input line 313.
(pdftex.def)             Requested size: 155.03952pt x 219.40047pt.


Package natbib Warning: Citation `Kucukelbir2016' on page 14 undefined on input
 line 328.


Package natbib Warning: Citation `StanDevelopmentTeam2016' on page 14 undefined
 on input line 328.


Package natbib Warning: Citation `McElreath2016' on page 14 undefined on input 
line 328.

[14 <./figure/margin.pdf>]

Package natbib Warning: Citation `Royle2008' on page 15 undefined on input line
 330.


Package natbib Warning: Citation `Royle2008' on page 15 undefined on input line
 330.


Package natbib Warning: Citation `Gelman2013d' on page 15 undefined on input li
ne 330.


Package natbib Warning: Citation `Royle2008' on page 15 undefined on input line
 330.


Package natbib Warning: Citation `Gelman2013d' on page 15 undefined on input li
ne 333.


Package natbib Warning: Citation `Gelman2013d' on page 15 undefined on input li
ne 333.


Package natbib Warning: Citation `McElreath2016' on page 15 undefined on input 
line 333.

[15]

Package natbib Warning: Citation `Gelman2013d' on page 16 undefined on input li
ne 335.


LaTeX Warning: Reference `fig:margin_concept' on page 16 undefined on input lin
e 338.

[16]

Package natbib Warning: There were undefined citations.


Package longtable Warning: Table widths have changed. Rerun LaTeX.

Package atveryend Info: Empty hook `BeforeClearDocument' on input line 369.
[17]
Package atveryend Info: Empty hook `AfterLastShipout' on input line 369.
 (./methods.aux)
Package atveryend Info: Executing hook `AtVeryEndDocument' on input line 369.
Package atveryend Info: Executing hook `AtEndAfterFileList' on input line 369.
Package rerunfilecheck Info: File `methods.out' has not changed.
(rerunfilecheck)             Checksum: D41D8CD98F00B204E9800998ECF8427E;0.


LaTeX Warning: There were undefined references.


LaTeX Warning: Label(s) may have changed. Rerun to get cross-references right.

Package atveryend Info: Empty hook `AtVeryVeryEnd' on input line 369.
 ) 
Here is how much of TeX's memory you used:
 9584 strings out of 493304
 145405 string characters out of 6139872
 275156 words of memory out of 5000000
 12780 multiletter control sequences out of 15000+600000
 12285 words of font info for 80 fonts, out of 8000000 for 9000
 957 hyphenation exceptions out of 8191
 36i,17n,55p,1532b,517s stack positions out of 5000i,500n,10000p,200000b,80000s
pdfTeX warning (dest): name{table.caption.9} has been referenced but does not
 exist, replaced by a fixed one

</usr/share/texlive/texmf-dist/fonts/type1/public/amsfonts/cm/cmbx12.pfb></usr/
share/texlive/texmf-dist/fonts/type1/public/amsfonts/cm/cmex10.pfb></usr/share/
texlive/texmf-dist/fonts/type1/public/amsfonts/cm/cmmi12.pfb></usr/share/texliv
e/texmf-dist/fonts/type1/public/amsfonts/cm/cmmi8.pfb></usr/share/texlive/texmf
-dist/fonts/type1/public/amsfonts/cm/cmr10.pfb></usr/share/texlive/texmf-dist/f
onts/type1/public/amsfonts/cm/cmr12.pfb></usr/share/texlive/texmf-dist/fonts/ty
pe1/public/amsfonts/cm/cmr8.pfb></usr/share/texlive/texmf-dist/fonts/type1/publ
ic/amsfonts/cm/cmsy10.pfb></usr/share/texlive/texmf-dist/fonts/type1/public/ams
fonts/cm/cmsy8.pfb></usr/share/texlive/texmf-dist/fonts/type1/public/amsfonts/c
m/cmtt12.pfb>
Output written on methods.pdf (17 pages, 161499 bytes).
PDF statistics:
 203 PDF objects out of 1000 (max. 8388607)
 166 compressed objects within 2 object streams
 44 named destinations out of 1000 (max. 500000)
 9734 words of extra memory for PDF output out of 10000 (max. 10000000)

