This is pdfTeX, Version 3.14159265-2.6-1.40.18 (TeX Live 2017/Debian) (preloaded format=pdflatex 2017.10.27)  17 NOV 2017 13:06
entering extended mode
 restricted \write18 enabled.
 %&-line parsing enabled.
**results.tex
(./results.tex
LaTeX2e <2017-04-15>
Babel <3.12> and hyphenation patterns for 84 language(s) loaded.
(/usr/share/texlive/texmf-dist/tex/latex/base/article.cls
Document Class: article 2014/09/29 v1.4h Standard LaTeX document class
(/usr/share/texlive/texmf-dist/tex/latex/base/size12.clo
File: size12.clo 2014/09/29 v1.4h Standard LaTeX file (size option)
)
\c@part=\count79
\c@section=\count80
\c@subsection=\count81
\c@subsubsection=\count82
\c@paragraph=\count83
\c@subparagraph=\count84
\c@figure=\count85
\c@table=\count86
\abovecaptionskip=\skip41
\belowcaptionskip=\skip42
\bibindent=\dimen102
)
(/usr/share/texlive/texmf-dist/tex/latex/amsmath/amsmath.sty
Package: amsmath 2016/11/05 v2.16a AMS math features
\@mathmargin=\skip43

For additional information on amsmath, use the `?' option.
(/usr/share/texlive/texmf-dist/tex/latex/amsmath/amstext.sty
Package: amstext 2000/06/29 v2.01 AMS text

(/usr/share/texlive/texmf-dist/tex/latex/amsmath/amsgen.sty
File: amsgen.sty 1999/11/30 v2.0 generic functions
\@emptytoks=\toks14
\ex@=\dimen103
))
(/usr/share/texlive/texmf-dist/tex/latex/amsmath/amsbsy.sty
Package: amsbsy 1999/11/29 v1.2d Bold Symbols
\pmbraise@=\dimen104
)
(/usr/share/texlive/texmf-dist/tex/latex/amsmath/amsopn.sty
Package: amsopn 2016/03/08 v2.02 operator names
)
\inf@bad=\count87
LaTeX Info: Redefining \frac on input line 213.
\uproot@=\count88
\leftroot@=\count89
LaTeX Info: Redefining \overline on input line 375.
\classnum@=\count90
\DOTSCASE@=\count91
LaTeX Info: Redefining \ldots on input line 472.
LaTeX Info: Redefining \dots on input line 475.
LaTeX Info: Redefining \cdots on input line 596.
\Mathstrutbox@=\box26
\strutbox@=\box27
\big@size=\dimen105
LaTeX Font Info:    Redeclaring font encoding OML on input line 712.
LaTeX Font Info:    Redeclaring font encoding OMS on input line 713.
\macc@depth=\count92
\c@MaxMatrixCols=\count93
\dotsspace@=\muskip10
\c@parentequation=\count94
\dspbrk@lvl=\count95
\tag@help=\toks15
\row@=\count96
\column@=\count97
\maxfields@=\count98
\andhelp@=\toks16
\eqnshift@=\dimen106
\alignsep@=\dimen107
\tagshift@=\dimen108
\tagwidth@=\dimen109
\totwidth@=\dimen110
\lineht@=\dimen111
\@envbody=\toks17
\multlinegap=\skip44
\multlinetaggap=\skip45
\mathdisplay@stack=\toks18
LaTeX Info: Redefining \[ on input line 2817.
LaTeX Info: Redefining \] on input line 2818.
)
(/usr/share/texlive/texmf-dist/tex/latex/amscls/amsthm.sty
Package: amsthm 2015/03/04 v2.20.2
\thm@style=\toks19
\thm@bodyfont=\toks20
\thm@headfont=\toks21
\thm@notefont=\toks22
\thm@headpunct=\toks23
\thm@preskip=\skip46
\thm@postskip=\skip47
\thm@headsep=\skip48
\dth@everypar=\toks24
)
(/usr/share/texlive/texmf-dist/tex/latex/microtype/microtype.sty
Package: microtype 2017/07/07 v2.7 Micro-typographical refinements (RS)

(/usr/share/texlive/texmf-dist/tex/latex/graphics/keyval.sty
Package: keyval 2014/10/28 v1.15 key=value parser (DPC)
\KV@toks@=\toks25
)
\MT@toks=\toks26
\MT@count=\count99
LaTeX Info: Redefining \textls on input line 789.
\MT@outer@kern=\dimen112
LaTeX Info: Redefining \textmicrotypecontext on input line 1334.
\MT@listname@count=\count100

(/usr/share/texlive/texmf-dist/tex/latex/microtype/microtype-pdftex.def
File: microtype-pdftex.def 2017/07/07 v2.7 Definitions specific to pdftex (RS)
LaTeX Info: Redefining \lsstyle on input line 912.
LaTeX Info: Redefining \lslig on input line 912.
\MT@outer@space=\skip49
)
Package microtype Info: Loading configuration file microtype.cfg.

(/usr/share/texlive/texmf-dist/tex/latex/microtype/microtype.cfg
File: microtype.cfg 2017/07/07 v2.7 microtype main configuration file (RS)
))
(/usr/share/texlive/texmf-dist/tex/latex/parskip/parskip.sty
Package: parskip 2001/04/09 non-zero parskip adjustments
)
(/usr/share/texlive/texmf-dist/tex/latex/natbib/natbib.sty
Package: natbib 2010/09/13 8.31b (PWD, AO)
\bibhang=\skip50
\bibsep=\skip51
LaTeX Info: Redefining \cite on input line 694.
\c@NAT@ctr=\count101
)
(/usr/share/texlive/texmf-dist/tex/latex/lineno/lineno.sty
Package: lineno 2005/11/02 line numbers on paragraphs v4.41
\linenopenalty=\count102
\output=\toks27
\linenoprevgraf=\count103
\linenumbersep=\dimen113
\linenumberwidth=\dimen114
\c@linenumber=\count104
\c@pagewiselinenumber=\count105
\c@LN@truepage=\count106
\c@internallinenumber=\count107
\c@internallinenumbers=\count108
\quotelinenumbersep=\dimen115
\bframerule=\dimen116
\bframesep=\dimen117
\bframebox=\box28
LaTeX Info: Redefining \\ on input line 3056.
)
(/usr/share/texlive/texmf-dist/tex/latex/docmute/docmute.sty
Package: docmute 2012/03/22 v1.4 Input stand-alone documents
)
(/usr/share/texlive/texmf-dist/tex/latex/caption/caption.sty
Package: caption 2016/02/21 v3.3-144 Customizing captions (AR)

(/usr/share/texlive/texmf-dist/tex/latex/caption/caption3.sty
Package: caption3 2016/05/22 v1.7-166 caption3 kernel (AR)
Package caption3 Info: TeX engine: e-TeX on input line 67.
\captionmargin=\dimen118
\captionmargin@=\dimen119
\captionwidth=\dimen120
\caption@tempdima=\dimen121
\caption@indent=\dimen122
\caption@parindent=\dimen123
\caption@hangindent=\dimen124
)
\c@ContinuedFloat=\count109
)
(/usr/share/texlive/texmf-dist/tex/latex/caption/subcaption.sty
Package: subcaption 2016/05/22 v1.1-161 Sub-captions (AR)
\c@subfigure=\count110
\c@subtable=\count111
)
(/usr/share/texlive/texmf-dist/tex/latex/multirow/multirow.sty
Package: multirow 2016/11/25 v2.2 Span multiple rows of a table
\multirow@colwidth=\skip52
\multirow@cntb=\count112
\multirow@dima=\skip53
\bigstrutjot=\dimen125
)
(/usr/share/texlive/texmf-dist/tex/latex/morefloats/morefloats.sty
Package: morefloats 2015/07/22 v1.0h Raise limit of unprocessed floats (HMM)

(/usr/share/texlive/texmf-dist/tex/latex/oberdiek/kvoptions.sty
Package: kvoptions 2016/05/16 v3.12 Key value format for package options (HO)

(/usr/share/texlive/texmf-dist/tex/generic/oberdiek/ltxcmds.sty
Package: ltxcmds 2016/05/16 v1.23 LaTeX kernel commands for general use (HO)
)
(/usr/share/texlive/texmf-dist/tex/generic/oberdiek/kvsetkeys.sty
Package: kvsetkeys 2016/05/16 v1.17 Key value parser (HO)

(/usr/share/texlive/texmf-dist/tex/generic/oberdiek/infwarerr.sty
Package: infwarerr 2016/05/16 v1.4 Providing info/warning/error messages (HO)
)
(/usr/share/texlive/texmf-dist/tex/generic/oberdiek/etexcmds.sty
Package: etexcmds 2016/05/16 v1.6 Avoid name clashes with e-TeX commands (HO)

(/usr/share/texlive/texmf-dist/tex/generic/oberdiek/ifluatex.sty
Package: ifluatex 2016/05/16 v1.4 Provides the ifluatex switch (HO)
Package ifluatex Info: LuaTeX not detected.
)
Package etexcmds Info: Could not find \expanded.
(etexcmds)             That can mean that you are not using pdfTeX 1.50 or
(etexcmds)             that some package has redefined \expanded.
(etexcmds)             In the latter case, load this package earlier.
)))
Package morefloats Info: Maximum number of possible floats asked for: 36
(morefloats)             (i.e. 18 more floats).
(morefloats)             LaTeX might run out of memory before this
(morefloats)             (in which case it will notify you).
)
(/usr/share/texlive/texmf-dist/tex/latex/graphics/rotating.sty
Package: rotating 2016/08/11 v2.16d rotated objects in LaTeX

(/usr/share/texlive/texmf-dist/tex/latex/graphics/graphicx.sty
Package: graphicx 2017/06/01 v1.1a Enhanced LaTeX Graphics (DPC,SPQR)

(/usr/share/texlive/texmf-dist/tex/latex/graphics/graphics.sty
Package: graphics 2017/06/25 v1.2c Standard LaTeX Graphics (DPC,SPQR)

(/usr/share/texlive/texmf-dist/tex/latex/graphics/trig.sty
Package: trig 2016/01/03 v1.10 sin cos tan (DPC)
)
(/usr/share/texlive/texmf-dist/tex/latex/graphics-cfg/graphics.cfg
File: graphics.cfg 2016/06/04 v1.11 sample graphics configuration
)
Package graphics Info: Driver file: pdftex.def on input line 99.

(/usr/share/texlive/texmf-dist/tex/latex/graphics-def/pdftex.def
File: pdftex.def 2017/06/24 v1.0g Graphics/color driver for pdftex
))
\Gin@req@height=\dimen126
\Gin@req@width=\dimen127
)
(/usr/share/texlive/texmf-dist/tex/latex/base/ifthen.sty
Package: ifthen 2014/09/29 v1.1c Standard LaTeX ifthen package (DPC)
)
\c@r@tfl@t=\count113
\rotFPtop=\skip54
\rotFPbot=\skip55
\rot@float@box=\box29
\rot@mess@toks=\toks28
)
(/usr/share/texlive/texmf-dist/tex/latex/wrapfig/wrapfig.sty
\wrapoverhang=\dimen128
\WF@size=\dimen129
\c@WF@wrappedlines=\count114
\WF@box=\box30
\WF@everypar=\toks29
Package: wrapfig 2003/01/31  v 3.6
) (./results.aux)
\openout1 = `results.aux'.

LaTeX Font Info:    Checking defaults for OML/cmm/m/it on input line 13.
LaTeX Font Info:    ... okay on input line 13.
LaTeX Font Info:    Checking defaults for T1/cmr/m/n on input line 13.
LaTeX Font Info:    ... okay on input line 13.
LaTeX Font Info:    Checking defaults for OT1/cmr/m/n on input line 13.
LaTeX Font Info:    ... okay on input line 13.
LaTeX Font Info:    Checking defaults for OMS/cmsy/m/n on input line 13.
LaTeX Font Info:    ... okay on input line 13.
LaTeX Font Info:    Checking defaults for OMX/cmex/m/n on input line 13.
LaTeX Font Info:    ... okay on input line 13.
LaTeX Font Info:    Checking defaults for U/cmr/m/n on input line 13.
LaTeX Font Info:    ... okay on input line 13.
LaTeX Info: Redefining \microtypecontext on input line 13.
Package microtype Info: Generating PDF output.
Package microtype Info: Character protrusion enabled (level 2).
Package microtype Info: Using default protrusion set `alltext'.
Package microtype Info: Automatic font expansion enabled (level 2),
(microtype)             stretch: 20, shrink: 20, step: 1, non-selected.
Package microtype Info: Using default expansion set `basictext'.
Package microtype Info: No adjustment of tracking.
Package microtype Info: No adjustment of interword spacing.
Package microtype Info: No adjustment of character kerning.

(/usr/share/texlive/texmf-dist/tex/latex/microtype/mt-cmr.cfg
File: mt-cmr.cfg 2013/05/19 v2.2 microtype config. file: Computer Modern Roman 
(RS)
)
Package caption Info: Begin \AtBeginDocument code.
Package caption Info: rotating package is loaded.
Package caption Info: wrapfig package is loaded.
Package caption Info: End \AtBeginDocument code.

(/usr/share/texlive/texmf-dist/tex/context/base/mkii/supp-pdf.mkii
[Loading MPS to PDF converter (version 2006.09.02).]
\scratchcounter=\count115
\scratchdimen=\dimen130
\scratchbox=\box31
\nofMPsegments=\count116
\nofMParguments=\count117
\everyMPshowfont=\toks30
\MPscratchCnt=\count118
\MPscratchDim=\dimen131
\MPnumerator=\count119
\makeMPintoPDFobject=\count120
\everyMPtoPDFconversion=\toks31
) (/usr/share/texlive/texmf-dist/tex/latex/oberdiek/epstopdf-base.sty
Package: epstopdf-base 2016/05/15 v2.6 Base part for package epstopdf

(/usr/share/texlive/texmf-dist/tex/latex/oberdiek/grfext.sty
Package: grfext 2016/05/16 v1.2 Manage graphics extensions (HO)

(/usr/share/texlive/texmf-dist/tex/generic/oberdiek/kvdefinekeys.sty
Package: kvdefinekeys 2016/05/16 v1.4 Define keys (HO)
))
(/usr/share/texlive/texmf-dist/tex/generic/oberdiek/pdftexcmds.sty
Package: pdftexcmds 2017/03/19 v0.25 Utility functions of pdfTeX for LuaTeX (HO
)

(/usr/share/texlive/texmf-dist/tex/generic/oberdiek/ifpdf.sty
Package: ifpdf 2017/03/15 v3.2 Provides the ifpdf switch
)
Package pdftexcmds Info: LuaTeX not detected.
Package pdftexcmds Info: \pdf@primitive is available.
Package pdftexcmds Info: \pdf@ifprimitive is available.
Package pdftexcmds Info: \pdfdraftmode found.
)
Package epstopdf-base Info: Redefining graphics rule for `.eps' on input line 4
38.
Package grfext Info: Graphics extension search list:
(grfext)             [.pdf,.png,.jpg,.mps,.jpeg,.jbig2,.jb2,.PDF,.PNG,.JPG,.JPE
G,.JBIG2,.JB2,.eps]
(grfext)             \AppendGraphicsExtensions on input line 456.

(/usr/share/texlive/texmf-dist/tex/latex/latexconfig/epstopdf-sys.cfg
File: epstopdf-sys.cfg 2010/07/13 v1.3 Configuration of (r)epstopdf for TeX Liv
e
))
\docmute@nestinglevel=\count121
<figure/pred_occ_bd.png, id=1, 216.81pt x 180.675pt>
File: figure/pred_occ_bd.png Graphic file (type png)
<use figure/pred_occ_bd.png>
Package pdftex.def Info: figure/pred_occ_bd.png  used on input line 27. on inpu
t line 27.
Package pdftex.def Info: Requested size: 197.46281pt x 164.55234pt on input lin
e 27.
<figure/time_observation.png, id=2, 433.62pt x 289.08pt>
File: figure/time_observation.png Graphic file (type png)
<use figure/time_observation.png>
Package pdftex.def Info: figure/time_observation.png  used on input line 37. on
 input line 37.
Package pdftex.def Info: Requested size: 329.09146pt x 219.3943pt on input line
 37.

[1

{/var/lib/texmf/fonts/map/pdftex/updmap/pdftex.map} <./figure/pred_occ_bd.png (
PNG copy)>]
<figure/ecotype_observation.png, id=10, 433.62pt x 289.08pt>
File: figure/ecotype_observation.png Graphic file (type png)
<use figure/ecotype_observation.png>
Package pdftex.def Info: figure/ecotype_observation.png  used on input line 45.
 on input line 45.
Package pdftex.def Info: Requested size: 329.09146pt x 219.3943pt on input line
 45.
<figure/mass_on_pres_bd.png, id=11, 433.62pt x 289.08pt>
File: figure/mass_on_pres_bd.png Graphic file (type png)
<use figure/mass_on_pres_bd.png>
Package pdftex.def Info: figure/mass_on_pres_bd.png  used on input line 53. on 
input line 53.
Package pdftex.def Info: Requested size: 329.09146pt x 219.3943pt on input line
 53.
 [2 <./figure/time_observation.png>] [3 <./figure/ecotype_observation.png>] [4 
<./figure/mass_on_pres_bd.png>]
<figure/ecotype_origin_bd.png, id=25, 433.62pt x 289.08pt>
File: figure/ecotype_origin_bd.png Graphic file (type png)
<use figure/ecotype_origin_bd.png>
Package pdftex.def Info: figure/ecotype_origin_bd.png  used on input line 69. o
n input line 69.
Package pdftex.def Info: Requested size: 329.09146pt x 219.3943pt on input line
 69.
<figure/order_origin_bd.png, id=26, 433.62pt x 289.08pt>
File: figure/order_origin_bd.png Graphic file (type png)
<use figure/order_origin_bd.png>
Package pdftex.def Info: figure/order_origin_bd.png  used on input line 78. on 
input line 78.
Package pdftex.def Info: Requested size: 329.09146pt x 219.3943pt on input line
 78.
<figure/mass_on_origin_bd.png, id=27, 433.62pt x 289.08pt>
File: figure/mass_on_origin_bd.png Graphic file (type png)
<use figure/mass_on_origin_bd.png>
Package pdftex.def Info: figure/mass_on_origin_bd.png  used on input line 87. o
n input line 87.
Package pdftex.def Info: Requested size: 329.09146pt x 219.3943pt on input line
 87.
 [5] [6 <./figure/ecotype_origin_bd.png (PNG copy)>]
<figure/group_on_origin_bd.png, id=34, 433.62pt x 289.08pt>
File: figure/group_on_origin_bd.png Graphic file (type png)
<use figure/group_on_origin_bd.png>
Package pdftex.def Info: figure/group_on_origin_bd.png  used on input line 101.
 on input line 101.
Package pdftex.def Info: Requested size: 329.09146pt x 219.3943pt on input line
 101.
 [7 <./figure/order_origin_bd.png>]
Overfull \hbox (11.67702pt too wide) in paragraph at lines 111--135
 [][] 
 []

<figure/origination_correlation.png, id=40, 1505.625pt x 1505.625pt>
File: figure/origination_correlation.png Graphic file (type png)
<use figure/origination_correlation.png>
Package pdftex.def Info: figure/origination_correlation.png  used on input line
 171. on input line 171.
Package pdftex.def Info: Requested size: 390.0059pt x 390.0059pt on input line 
171.
[8 <./figure/mass_on_origin_bd.png (PNG copy)>] [9 <./figure/group_on_origin_bd
.png (PNG copy)>] [10]

LaTeX Warning: Reference `tab:plant_def' on page 11 undefined on input line 189
.

<figure/ecotype_survival_bd.png, id=50, 433.62pt x 289.08pt>
File: figure/ecotype_survival_bd.png Graphic file (type png)
<use figure/ecotype_survival_bd.png>
Package pdftex.def Info: figure/ecotype_survival_bd.png  used on input line 192
. on input line 192.
Package pdftex.def Info: Requested size: 329.09146pt x 219.3943pt on input line
 192.
[11]
<figure/order_survival_bd.png, id=55, 433.62pt x 289.08pt>
File: figure/order_survival_bd.png Graphic file (type png)
<use figure/order_survival_bd.png>
Package pdftex.def Info: figure/order_survival_bd.png  used on input line 201. 
on input line 201.
Package pdftex.def Info: Requested size: 329.09146pt x 219.3943pt on input line
 201.
<figure/mass_on_surv_bd.png, id=56, 433.62pt x 289.08pt>
File: figure/mass_on_surv_bd.png Graphic file (type png)
<use figure/mass_on_surv_bd.png>
Package pdftex.def Info: figure/mass_on_surv_bd.png  used on input line 210. on
 input line 210.
Package pdftex.def Info: Requested size: 329.09146pt x 219.3943pt on input line
 210.
 [12]
<figure/group_on_survival_bd.png, id=60, 433.62pt x 289.08pt>
File: figure/group_on_survival_bd.png Graphic file (type png)
<use figure/group_on_survival_bd.png>
Package pdftex.def Info: figure/group_on_survival_bd.png  used on input line 22
5. on input line 225.
Package pdftex.def Info: Requested size: 329.09146pt x 219.3943pt on input line
 225.

Overfull \hbox (11.67702pt too wide) in paragraph at lines 235--259
 [][] 
 []

<figure/survival_correlation.png, id=61, 1505.625pt x 1505.625pt>
File: figure/survival_correlation.png Graphic file (type png)
<use figure/survival_correlation.png>
Package pdftex.def Info: figure/survival_correlation.png  used on input line 29
5. on input line 295.
Package pdftex.def Info: Requested size: 390.0059pt x 390.0059pt on input line 
295.
[13]
<figure/log_diversity.png, id=66, 433.62pt x 289.08pt>
File: figure/log_diversity.png Graphic file (type png)
<use figure/log_diversity.png>
Package pdftex.def Info: figure/log_diversity.png  used on input line 310. on i
nput line 310.
Package pdftex.def Info: Requested size: 390.0162pt x 260.01079pt on input line
 310.
 [14]

Package natbib Warning: Citation `Smits2015b' on page 15 undefined on input lin
e 349.

[15] [16] [17]
<figure/ecotype_diversity.png, id=79, 433.62pt x 289.08pt>
File: figure/ecotype_diversity.png Graphic file (type png)
<use figure/ecotype_diversity.png>
Package pdftex.def Info: figure/ecotype_diversity.png  used on input line 364. 
on input line 364.
Package pdftex.def Info: Requested size: 390.0162pt x 260.01079pt on input line
 364.


Package natbib Warning: Citation `Valkenburgh1999' on page 18 undefined on inpu
t line 371.


Package natbib Warning: Citation `Silvestro2015b' on page 18 undefined on input
 line 371.


Package natbib Warning: Citation `Slater2015c' on page 18 undefined on input li
ne 371.

<figure/relative_diversity.png, id=80, 578.16pt x 289.08pt>
File: figure/relative_diversity.png Graphic file (type png)
<use figure/relative_diversity.png>
Package pdftex.def Info: figure/relative_diversity.png  used on input line 376.
 on input line 376.
Package pdftex.def Info: Requested size: 389.99414pt x 194.99706pt on input lin
e 376.

Package natbib Warning: There were undefined citations.

[18] [19 <./figure/origination_correlation.png (PNG copy)>] [20 <./figure/ecoty
pe_survival_bd.png (PNG copy)>] [21 <./figure/order_survival_bd.png>] [22 <./fi
gure/mass_on_surv_bd.png (PNG copy)>] [23 <./figure/group_on_survival_bd.png (P
NG copy)>] [24 <./figure/survival_correlation.png (PNG copy)>] [25 <./figure/lo
g_diversity.png (PNG copy)>] [26 <./figure/ecotype_diversity.png (PNG copy)>]
[27 <./figure/relative_diversity.png (PNG copy)>] (./results.aux)

LaTeX Warning: There were undefined references.

 ) 
Here is how much of TeX's memory you used:
 5786 strings out of 492990
 90465 string characters out of 6135004
 191534 words of memory out of 5000000
 9176 multiletter control sequences out of 15000+600000
 10577 words of font info for 72 fonts, out of 8000000 for 9000
 1141 hyphenation exceptions out of 8191
 39i,11n,41p,1667b,325s stack positions out of 5000i,500n,10000p,200000b,80000s
</usr/share/texlive/texmf-dist/fonts/type1/public/amsfonts/cm/cmbx12.pfb></us
r/share/texlive/texmf-dist/fonts/type1/public/amsfonts/cm/cmmi12.pfb></usr/shar
e/texlive/texmf-dist/fonts/type1/public/amsfonts/cm/cmmi8.pfb></usr/share/texli
ve/texmf-dist/fonts/type1/public/amsfonts/cm/cmr12.pfb>
Output written on results.pdf (27 pages, 4506126 bytes).
PDF statistics:
 129 PDF objects out of 1000 (max. 8388607)
 73 compressed objects within 1 object stream
 0 named destinations out of 1000 (max. 500000)
 7254 words of extra memory for PDF output out of 10000 (max. 10000000)

